app/build/intermediates/manifest_merge_blame_file/debug/manifest-merger-blame-debug-report.txt
1<?xml version="1.0" encoding="utf-8"?>
2<manifest xmlns:android="http://schemas.android.com/apk/res/android"
3    package="com.example.base.helper.moreappshelper"
4    android:versionCode="1"
5    android:versionName="1.0" >
6
7    <uses-sdk
8        android:minSdkVersion="16"
8-->src/main/AndroidManifest.xml
9        android:targetSdkVersion="30" />
9-->src/main/AndroidManifest.xml
10
11    <uses-permission android:name="android.permission.INTERNET" />
11-->[:appcenter] AndroidManifest.xml:9:5-67
11-->[:appcenter] AndroidManifest.xml:9:22-64
12    <uses-permission android:name="android.permission.ACCESS_NETWORK_STATE" />
12-->[com.github.vickypathak123:Android-Base-Helper:1.0.0] AndroidManifest.xml:10:5-79
12-->[com.github.vickypathak123:Android-Base-Helper:1.0.0] AndroidManifest.xml:10:22-76
13
14    <application
14-->src/main/AndroidManifest.xml:5:5-21:19
15        android:name="androidx.multidex.MultiDexApplication"
16        android:allowBackup="true"
16-->src/main/AndroidManifest.xml:6:9-35
17        android:appComponentFactory="androidx.core.app.CoreComponentFactory"
17-->[androidx.core:core:1.6.0] AndroidManifest.xml:24:18-86
18        android:debuggable="true"
19        android:icon="@mipmap/ic_launcher"
19-->src/main/AndroidManifest.xml:7:9-43
20        android:label="@string/app_name"
20-->src/main/AndroidManifest.xml:8:9-41
21        android:roundIcon="@mipmap/ic_launcher_round"
21-->src/main/AndroidManifest.xml:9:9-54
22        android:supportsRtl="true"
22-->src/main/AndroidManifest.xml:10:9-35
23        android:testOnly="true"
24        android:theme="@style/Theme.MoreAppsHelper" >
24-->src/main/AndroidManifest.xml:11:9-52
25        <activity
25-->src/main/AndroidManifest.xml:12:9-20:20
26            android:name="com.example.base.helper.moreappshelper.MainActivity"
26-->src/main/AndroidManifest.xml:13:13-41
27            android:exported="true" >
27-->src/main/AndroidManifest.xml:14:13-36
28            <intent-filter>
28-->src/main/AndroidManifest.xml:15:13-19:29
29                <action android:name="android.intent.action.MAIN" />
29-->src/main/AndroidManifest.xml:16:17-69
29-->src/main/AndroidManifest.xml:16:25-66
30
31                <category android:name="android.intent.category.LAUNCHER" />
31-->src/main/AndroidManifest.xml:18:17-77
31-->src/main/AndroidManifest.xml:18:27-74
32            </intent-filter>
33        </activity>
34        <activity
34-->[:appcenter] AndroidManifest.xml:12:9-15:52
35            android:name="com.example.app.appcenter.MoreAppsActivity"
35-->[:appcenter] AndroidManifest.xml:13:13-70
36            android:exported="true"
36-->[:appcenter] AndroidManifest.xml:14:13-36
37            android:screenOrientation="portrait" />
37-->[:appcenter] AndroidManifest.xml:15:13-49
38    </application>
39
40</manifest>